\BOOKMARK [0][-]{chapter.1}{\376\377\0001\000.\000\040\000I\000n\000s\000t\000a\000l\000l\000a\000t\000i\000o\000n\000\040\000a\000n\000d\000\040\000R\000e\000q\000u\000i\000r\000e\000m\000e\000n\000t\000s}{}% 1
\BOOKMARK [1][-]{section.1.1}{\376\377\000P\000r\000e\000r\000e\000q\000u\000i\000s\000i\000t\000e\000s}{chapter.1}% 2
\BOOKMARK [1][-]{section.1.2}{\376\377\000D\000y\000n\000a\000m\000i\000c\000\040\000C\000o\000m\000m\000u\000n\000i\000t\000y\000\040\000F\000B\000A}{chapter.1}% 3
\BOOKMARK [1][-]{section.1.3}{\376\377\000E\000s\000c\000h\000e\000r}{chapter.1}% 4
\BOOKMARK [0][-]{chapter.2}{\376\377\0002\000.\000\040\000G\000e\000t\000t\000i\000n\000g\000\040\000S\000t\000a\000r\000t\000e\000d}{}% 5
\BOOKMARK [1][-]{section.2.1}{\376\377\0002\000.\0001\000.\000\040\000L\000o\000a\000d\000i\000n\000g\000\040\000a\000\040\000m\000o\000d\000e\000l\000\040\000u\000s\000i\000n\000g\000\040\000c\000b\000m\000p\000y}{chapter.2}% 6
\BOOKMARK [1][-]{section.2.2}{\376\377\0002\000.\0002\000.\000\040\000S\000B\000M\000L\000\040\000a\000n\000d\000\040\000c\000o\000b\000r\000a\000\040\000m\000o\000d\000e\000l\000s}{chapter.2}% 7
\BOOKMARK [1][-]{section.2.3}{\376\377\0002\000.\0003\000.\000\040\000S\000a\000v\000i\000n\000g\000\040\000a\000\040\000m\000o\000d\000e\000l}{chapter.2}% 8
\BOOKMARK [1][-]{section.2.4}{\376\377\0002\000.\0004\000.\000\040\000R\000e\000a\000c\000t\000i\000o\000n\000s\000,\000\040\000R\000e\000a\000g\000e\000n\000t\000s\000\040\000a\000n\000d\000\040\000S\000p\000e\000c\000i\000e\000s}{chapter.2}% 9
\BOOKMARK [2][-]{subsection.2.4.1}{\376\377\000R\000e\000a\000c\000t\000i\000o\000n\000s}{section.2.4}% 10
\BOOKMARK [2][-]{subsection.2.4.2}{\376\377\000R\000e\000a\000g\000e\000n\000t\000s}{section.2.4}% 11
\BOOKMARK [2][-]{subsection.2.4.3}{\376\377\000S\000p\000e\000c\000i\000e\000s}{section.2.4}% 12
\BOOKMARK [2][-]{subsection.2.4.4}{\376\377\000O\000b\000j\000e\000c\000t\000i\000v\000e\000\040\000f\000u\000n\000c\000t\000i\000o\000n}{section.2.4}% 13
\BOOKMARK [1][-]{section.2.5}{\376\377\0002\000.\0005\000.\000\040\000T\000r\000a\000n\000s\000i\000t\000i\000o\000n\000i\000n\000g\000\040\000t\000o\000\040\000c\000b\000m\000p\000y\000\040\000f\000r\000o\000m\000\040\000c\000o\000b\000r\000a\000p\000y}{chapter.2}% 14
\BOOKMARK [0][-]{chapter.3}{\376\377\0003\000.\000\040\000P\000a\000r\000a\000l\000l\000e\000l\000\040\000d\000y\000n\000a\000m\000i\000c\000\040\000F\000B\000A}{}% 15
\BOOKMARK [0][-]{chapter.4}{\376\377\0004\000.\000\040\000T\000h\000e\000\040\000c\000o\000m\000m\000u\000n\000i\000t\000y\000\040\000m\000o\000d\000e\000l}{}% 16
\BOOKMARK [1][-]{section.4.1}{\376\377\0004\000.\0001\000.\000\040\000D\000e\000f\000i\000n\000i\000t\000i\000o\000n}{chapter.4}% 17
\BOOKMARK [1][-]{section.4.2}{\376\377\0004\000.\0002\000.\000\040\000C\000r\000e\000a\000t\000i\000n\000g\000\040\000a\000n\000d\000\040\000m\000o\000d\000i\000f\000y\000i\000n\000g\000\040\000t\000h\000e\000\040\000c\000o\000m\000m\000u\000n\000i\000t\000y\000\040\000m\000o\000d\000e\000l}{chapter.4}% 18
\BOOKMARK [1][-]{section.4.3}{\376\377\0004\000.\0003\000.\000\040\000R\000u\000l\000e\000s}{chapter.4}% 19
\BOOKMARK [2][-]{subsection.4.3.1}{\376\377\000C\000o\000m\000p\000a\000r\000t\000m\000e\000n\000t\000s\000:}{section.4.3}% 20
\BOOKMARK [2][-]{subsection.4.3.2}{\376\377\000R\000e\000a\000c\000t\000i\000o\000n\000s\000:}{section.4.3}% 21
\BOOKMARK [2][-]{subsection.4.3.3}{\376\377\000R\000e\000a\000g\000e\000n\000t\000s\000\040\000a\000n\000d\000\040\000s\000p\000e\000c\000i\000e\000s}{section.4.3}% 22
\BOOKMARK [0][-]{chapter.5}{\376\377\0005\000.\000\040\000D\000y\000n\000a\000m\000i\000c\000\040\000J\000o\000i\000n\000t\000\040\000F\000B\000A}{}% 23
\BOOKMARK [1][-]{section.5.1}{\376\377\000J\000o\000i\000n\000t\000\040\000F\000B\000A}{chapter.5}% 24
\BOOKMARK [1][-]{section.5.2}{\376\377\000M\000a\000k\000i\000n\000g\000\040\000i\000t\000\040\000d\000y\000n\000a\000m\000i\000c}{chapter.5}% 25
\BOOKMARK [1][-]{section.5.3}{\376\377\000A\000d\000d\000\040\000r\000e\000a\000c\000t\000i\000o\000n\000\040\000k\000i\000n\000e\000t\000i\000c\000s}{chapter.5}% 26
\BOOKMARK [2][-]{subsection.5.3.1}{\376\377\000W\000r\000i\000t\000e\000\040\000y\000o\000u\000r\000\040\000o\000w\000n\000\040\000k\000i\000n\000e\000t\000i\000c\000s\000!}{section.5.3}% 27
\BOOKMARK [0][-]{chapter.6}{\376\377\0006\000.\000\040\000E\000n\000d\000p\000o\000i\000n\000t\000F\000B\000A}{}% 28
\BOOKMARK [0][-]{chapter.7}{\376\377\0007\000.\000\040\000F\000A\000Q}{}% 29
\BOOKMARK [0][-]{chapter.8}{\376\377\0008\000.\000\040\000A\000P\000I}{}% 30
\BOOKMARK [1][-]{section.8.1}{\376\377\000C\000o\000m\000m\000u\000n\000i\000t\000y\000M\000o\000d\000e\000l}{chapter.8}% 31
\BOOKMARK [1][-]{section.8.2}{\376\377\000K\000i\000n\000e\000t\000i\000c\000M\000o\000d\000e\000l}{chapter.8}% 32
\BOOKMARK [1][-]{section.8.3}{\376\377\000D\000y\000n\000a\000m\000i\000c\000J\000o\000i\000n\000t\000F\000b\000a}{chapter.8}% 33
\BOOKMARK [1][-]{section.8.4}{\376\377\000M\000o\000d\000u\000l\000e\000\040\000c\000o\000n\000t\000e\000n\000t\000s}{chapter.8}% 34
\BOOKMARK [0][-]{section*.39}{\376\377\000P\000y\000t\000h\000o\000n\000\040\000M\000o\000d\000u\000l\000e\000\040\000I\000n\000d\000e\000x}{}% 35
\BOOKMARK [0][-]{section*.40}{\376\377\000I\000n\000d\000e\000x}{}% 36
